18-Jul-2025 05:23:45.647 INFO [main] org.apache.catalina.startup.VersionLoggerListener.log Server version name:   Apache Tomcat/9.0.107
18-Jul-2025 05:23:45.654 INFO [main] org.apache.catalina.startup.VersionLoggerListener.log Server built:          Jul 2 2025 07:01:03 UTC
18-Jul-2025 05:23:45.654 INFO [main] org.apache.catalina.startup.VersionLoggerListener.log Server version number: 9.0.107.0
18-Jul-2025 05:23:45.654 INFO [main] org.apache.catalina.startup.VersionLoggerListener.log OS Name:               Linux
18-Jul-2025 05:23:45.655 INFO [main] org.apache.catalina.startup.VersionLoggerListener.log OS Version:            5.15.167.4-microsoft-standard-WSL2
18-Jul-2025 05:23:45.655 INFO [main] org.apache.catalina.startup.VersionLoggerListener.log Architecture:          amd64
18-Jul-2025 05:23:45.655 INFO [main] org.apache.catalina.startup.VersionLoggerListener.log Java Home:             /opt/java/openjdk/jre
18-Jul-2025 05:23:45.655 INFO [main] org.apache.catalina.startup.VersionLoggerListener.log JVM Version:           1.8.0_452-b09
18-Jul-2025 05:23:45.655 INFO [main] org.apache.catalina.startup.VersionLoggerListener.log JVM Vendor:            Temurin
18-Jul-2025 05:23:45.655 INFO [main] org.apache.catalina.startup.VersionLoggerListener.log CATALINA_BASE:         /usr/local/tomcat
18-Jul-2025 05:23:45.655 INFO [main] org.apache.catalina.startup.VersionLoggerListener.log CATALINA_HOME:         /usr/local/tomcat
18-Jul-2025 05:23:45.658 INFO [main] org.apache.catalina.startup.VersionLoggerListener.log Command line argument: -Djava.util.logging.config.file=/usr/local/tomcat/conf/logging.properties
18-Jul-2025 05:23:45.658 INFO [main] org.apache.catalina.startup.VersionLoggerListener.log Command line argument: -Djava.util.logging.manager=org.apache.juli.ClassLoaderLogManager
18-Jul-2025 05:23:45.658 INFO [main] org.apache.catalina.startup.VersionLoggerListener.log Command line argument: -Djdk.tls.ephemeralDHKeySize=2048
18-Jul-2025 05:23:45.658 INFO [main] org.apache.catalina.startup.VersionLoggerListener.log Command line argument: -Djava.protocol.handler.pkgs=org.apache.catalina.webresources
18-Jul-2025 05:23:45.658 INFO [main] org.apache.catalina.startup.VersionLoggerListener.log Command line argument: -Dsun.io.useCanonCaches=false
18-Jul-2025 05:23:45.658 INFO [main] org.apache.catalina.startup.VersionLoggerListener.log Command line argument: -Dorg.apache.catalina.security.SecurityListener.UMASK=0027
18-Jul-2025 05:23:45.659 INFO [main] org.apache.catalina.startup.VersionLoggerListener.log Command line argument: -Dignore.endorsed.dirs=
18-Jul-2025 05:23:45.659 INFO [main] org.apache.catalina.startup.VersionLoggerListener.log Command line argument: -Dcatalina.base=/usr/local/tomcat
18-Jul-2025 05:23:45.659 INFO [main] org.apache.catalina.startup.VersionLoggerListener.log Command line argument: -Dcatalina.home=/usr/local/tomcat
18-Jul-2025 05:23:45.659 INFO [main] org.apache.catalina.startup.VersionLoggerListener.log Command line argument: -Djava.io.tmpdir=/usr/local/tomcat/temp
18-Jul-2025 05:23:45.674 INFO [main] org.apache.catalina.core.AprLifecycleListener.lifecycleEvent Loaded Apache Tomcat Native library [1.3.1] using APR version [1.7.2].
18-Jul-2025 05:23:45.675 INFO [main] org.apache.catalina.core.AprLifecycleListener.lifecycleEvent APR capabilities: IPv6 [true], sendfile [true], accept filters [false], random [true], UDS [true].
18-Jul-2025 05:23:45.675 INFO [main] org.apache.catalina.core.AprLifecycleListener.lifecycleEvent APR/OpenSSL configuration: useAprConnector [false], useOpenSSL [true]
18-Jul-2025 05:23:45.688 INFO [main] org.apache.catalina.core.AprLifecycleListener.initializeSSL OpenSSL successfully initialized [OpenSSL 3.0.13 30 Jan 2024]
18-Jul-2025 05:23:46.194 INFO [main] org.apache.coyote.AbstractProtocol.init Initializing ProtocolHandler ["http-nio-8080"]
18-Jul-2025 05:23:46.246 INFO [main] org.apache.catalina.startup.Catalina.load Server initialization in [877] milliseconds
18-Jul-2025 05:23:46.293 INFO [main] org.apache.catalina.core.StandardService.startInternal Starting service [Catalina]
18-Jul-2025 05:23:46.293 INFO [main] org.apache.catalina.core.StandardEngine.startInternal Starting Servlet engine: [Apache Tomcat/9.0.107]
18-Jul-2025 05:23:46.300 SEVERE [main] org.apache.catalina.startup.HostConfig.beforeStart Unable to create directory for deployment: [/usr/local/tomcat/conf/Catalina/localhost]
18-Jul-2025 05:23:46.330 INFO [main] org.apache.catalina.startup.HostConfig.deployWAR Deploying web application archive [/usr/local/tomcat/webapps/ROOT.war]
18-Jul-2025 05:23:46.363 SEVERE [main] org.apache.catalina.startup.ContextConfig.beforeStart Exception fixing docBase for context []
	java.io.IOException: Unable to create the directory [/usr/local/tomcat/webapps/ROOT]
		at org.apache.catalina.startup.ExpandWar.expand(ExpandWar.java:111)
		at org.apache.catalina.startup.ContextConfig.fixDocBase(ContextConfig.java:812)
		at org.apache.catalina.startup.ContextConfig.beforeStart(ContextConfig.java:948)
		at org.apache.catalina.startup.ContextConfig.lifecycleEvent(ContextConfig.java:292)
		at org.apache.catalina.util.LifecycleBase.fireLifecycleEvent(LifecycleBase.java:109)
		at org.apache.catalina.util.LifecycleBase.setStateInternal(LifecycleBase.java:389)
		at org.apache.catalina.util.LifecycleBase.start(LifecycleBase.java:163)
		at org.apache.catalina.core.ContainerBase.addChildInternal(ContainerBase.java:599)
		at org.apache.catalina.core.ContainerBase.addChild(ContainerBase.java:571)
		at org.apache.catalina.core.StandardHost.addChild(StandardHost.java:603)
		at org.apache.catalina.startup.HostConfig.deployWAR(HostConfig.java:1013)
		at org.apache.catalina.startup.HostConfig$DeployWar.run(HostConfig.java:1861)
		at java.util.concurrent.Executors$RunnableAdapter.call(Executors.java:511)
		at java.util.concurrent.FutureTask.run(FutureTask.java:266)
		at org.apache.tomcat.util.threads.InlineExecutorService.execute(InlineExecutorService.java:76)
		at java.util.concurrent.AbstractExecutorService.submit(AbstractExecutorService.java:112)
		at org.apache.catalina.startup.HostConfig.deployWARs(HostConfig.java:817)
		at org.apache.catalina.startup.HostConfig.deployApps(HostConfig.java:468)
		at org.apache.catalina.startup.HostConfig.start(HostConfig.java:1579)
		at org.apache.catalina.startup.HostConfig.lifecycleEvent(HostConfig.java:312)
		at org.apache.catalina.util.LifecycleBase.fireLifecycleEvent(LifecycleBase.java:109)
		at org.apache.catalina.util.LifecycleBase.setStateInternal(LifecycleBase.java:389)
		at org.apache.catalina.util.LifecycleBase.setState(LifecycleBase.java:336)
		at org.apache.catalina.core.ContainerBase.startInternal(ContainerBase.java:776)
		at org.apache.catalina.core.StandardHost.startInternal(StandardHost.java:721)
		at org.apache.catalina.util.LifecycleBase.start(LifecycleBase.java:164)
		at org.apache.catalina.core.ContainerBase$StartChild.call(ContainerBase.java:1203)
		at org.apache.catalina.core.ContainerBase$StartChild.call(ContainerBase.java:1193)
		at java.util.concurrent.FutureTask.run(FutureTask.java:266)
		at org.apache.tomcat.util.threads.InlineExecutorService.execute(InlineExecutorService.java:76)
		at java.util.concurrent.AbstractExecutorService.submit(AbstractExecutorService.java:134)
		at org.apache.catalina.core.ContainerBase.startInternal(ContainerBase.java:749)
		at org.apache.catalina.core.StandardEngine.startInternal(StandardEngine.java:211)
		at org.apache.catalina.util.LifecycleBase.start(LifecycleBase.java:164)
		at org.apache.catalina.core.StandardService.startInternal(StandardService.java:412)
		at org.apache.catalina.util.LifecycleBase.start(LifecycleBase.java:164)
		at org.apache.catalina.core.StandardServer.startInternal(StandardServer.java:874)
		at org.apache.catalina.util.LifecycleBase.start(LifecycleBase.java:164)
		at org.apache.catalina.startup.Catalina.start(Catalina.java:739)
		at sun.reflect.NativeMethodAccessorImpl.invoke0(Native Method)
		at sun.reflect.NativeMethodAccessorImpl.invoke(NativeMethodAccessorImpl.java:62)
		at sun.reflect.DelegatingMethodAccessorImpl.invoke(DelegatingMethodAccessorImpl.java:43)
		at java.lang.reflect.Method.invoke(Method.java:498)
		at org.apache.catalina.startup.Bootstrap.start(Bootstrap.java:345)
		at org.apache.catalina.startup.Bootstrap.main(Bootstrap.java:476)
18-Jul-2025 05:23:46.364 WARNING [main] org.apache.catalina.core.StandardContext.postWorkDirectory Failed to create work directory [/usr/local/tomcat/work/Catalina/localhost/ROOT] for context []
18-Jul-2025 05:23:48.685 SEVERE [main] org.apache.catalina.startup.ContextConfig.processServletContainerInitializers Failed to detect ServletContainerInitializers for context with name []
	java.nio.file.FileSystemException: /usr/local/tomcat/temp/jar_cache8239596756029226578.tmp: Read-only file system
		at sun.nio.fs.UnixException.translateToIOException(UnixException.java:91)
		at sun.nio.fs.UnixException.rethrowAsIOException(UnixException.java:102)
		at sun.nio.fs.UnixException.rethrowAsIOException(UnixException.java:107)
		at sun.nio.fs.UnixFileSystemProvider.newByteChannel(UnixFileSystemProvider.java:214)
		at java.nio.file.Files.newByteChannel(Files.java:361)
		at java.nio.file.Files.createFile(Files.java:632)
		at java.nio.file.TempFileHelper.create(TempFileHelper.java:138)
		at java.nio.file.TempFileHelper.createTempFile(TempFileHelper.java:161)
		at java.nio.file.Files.createTempFile(Files.java:897)
		at sun.net.www.protocol.jar.URLJarFile$1.run(URLJarFile.java:218)
		at sun.net.www.protocol.jar.URLJarFile$1.run(URLJarFile.java:216)
		at java.security.AccessController.doPrivileged(Native Method)
		at sun.net.www.protocol.jar.URLJarFile.retrieve(URLJarFile.java:215)
		at sun.net.www.protocol.jar.URLJarFile.getJarFile(URLJarFile.java:71)
		at sun.net.www.protocol.jar.JarFileFactory.get(JarFileFactory.java:99)
		at sun.net.www.protocol.jar.JarURLConnection.connect(JarURLConnection.java:122)
		at sun.net.www.protocol.jar.JarURLConnection.getInputStream(JarURLConnection.java:152)
		at java.net.URL.openStream(URL.java:1093)
		at org.apache.catalina.startup.WebappServiceLoader.parseConfigFile(WebappServiceLoader.java:207)
		at org.apache.catalina.startup.WebappServiceLoader.load(WebappServiceLoader.java:153)
		at org.apache.catalina.startup.ContextConfig.processServletContainerInitializers(ContextConfig.java:1774)
		at org.apache.catalina.startup.ContextConfig.webConfig(ContextConfig.java:1266)
		at org.apache.catalina.startup.ContextConfig.configureStart(ContextConfig.java:972)
		at org.apache.catalina.startup.ContextConfig.lifecycleEvent(ContextConfig.java:290)
		at org.apache.catalina.util.LifecycleBase.fireLifecycleEvent(LifecycleBase.java:109)
		at org.apache.catalina.core.StandardContext.startInternal(StandardContext.java:4407)
		at org.apache.catalina.util.LifecycleBase.start(LifecycleBase.java:164)
		at org.apache.catalina.core.ContainerBase.addChildInternal(ContainerBase.java:599)
		at org.apache.catalina.core.ContainerBase.addChild(ContainerBase.java:571)
		at org.apache.catalina.core.StandardHost.addChild(StandardHost.java:603)
		at org.apache.catalina.startup.HostConfig.deployWAR(HostConfig.java:1013)
		at org.apache.catalina.startup.HostConfig$DeployWar.run(HostConfig.java:1861)
		at java.util.concurrent.Executors$RunnableAdapter.call(Executors.java:511)
		at java.util.concurrent.FutureTask.run(FutureTask.java:266)
		at org.apache.tomcat.util.threads.InlineExecutorService.execute(InlineExecutorService.java:76)
		at java.util.concurrent.AbstractExecutorService.submit(AbstractExecutorService.java:112)
		at org.apache.catalina.startup.HostConfig.deployWARs(HostConfig.java:817)
		at org.apache.catalina.startup.HostConfig.deployApps(HostConfig.java:468)
		at org.apache.catalina.startup.HostConfig.start(HostConfig.java:1579)
		at org.apache.catalina.startup.HostConfig.lifecycleEvent(HostConfig.java:312)
		at org.apache.catalina.util.LifecycleBase.fireLifecycleEvent(LifecycleBase.java:109)
		at org.apache.catalina.util.LifecycleBase.setStateInternal(LifecycleBase.java:389)
		at org.apache.catalina.util.LifecycleBase.setState(LifecycleBase.java:336)
		at org.apache.catalina.core.ContainerBase.startInternal(ContainerBase.java:776)
		at org.apache.catalina.core.StandardHost.startInternal(StandardHost.java:721)
		at org.apache.catalina.util.LifecycleBase.start(LifecycleBase.java:164)
		at org.apache.catalina.core.ContainerBase$StartChild.call(ContainerBase.java:1203)
		at org.apache.catalina.core.ContainerBase$StartChild.call(ContainerBase.java:1193)
		at java.util.concurrent.FutureTask.run(FutureTask.java:266)
		at org.apache.tomcat.util.threads.InlineExecutorService.execute(InlineExecutorService.java:76)
		at java.util.concurrent.AbstractExecutorService.submit(AbstractExecutorService.java:134)
		at org.apache.catalina.core.ContainerBase.startInternal(ContainerBase.java:749)
		at org.apache.catalina.core.StandardEngine.startInternal(StandardEngine.java:211)
		at org.apache.catalina.util.LifecycleBase.start(LifecycleBase.java:164)
		at org.apache.catalina.core.StandardService.startInternal(StandardService.java:412)
		at org.apache.catalina.util.LifecycleBase.start(LifecycleBase.java:164)
		at org.apache.catalina.core.StandardServer.startInternal(StandardServer.java:874)
		at org.apache.catalina.util.LifecycleBase.start(LifecycleBase.java:164)
		at org.apache.catalina.startup.Catalina.start(Catalina.java:739)
		at sun.reflect.NativeMethodAccessorImpl.invoke0(Native Method)
		at sun.reflect.NativeMethodAccessorImpl.invoke(NativeMethodAccessorImpl.java:62)
		at sun.reflect.DelegatingMethodAccessorImpl.invoke(DelegatingMethodAccessorImpl.java:43)
		at java.lang.reflect.Method.invoke(Method.java:498)
		at org.apache.catalina.startup.Bootstrap.start(Bootstrap.java:345)
		at org.apache.catalina.startup.Bootstrap.main(Bootstrap.java:476)
18-Jul-2025 05:23:48.692 SEVERE [main] org.apache.catalina.startup.ContextConfig.configureStart Marking this application unavailable due to previous error(s)
18-Jul-2025 05:23:48.721 SEVERE [main] org.apache.catalina.core.StandardContext.startInternal One or more components marked the context as not correctly configured
18-Jul-2025 05:23:48.741 SEVERE [main] org.apache.catalina.core.StandardContext.startInternal Context [] startup failed due to previous errors
18-Jul-2025 05:23:48.765 INFO [main] org.apache.catalina.startup.HostConfig.deployWAR Deployment of web application archive [/usr/local/tomcat/webapps/ROOT.war] has finished in [2,433] ms
18-Jul-2025 05:23:48.777 INFO [main] org.apache.coyote.AbstractProtocol.start Starting ProtocolHandler ["http-nio-8080"]
18-Jul-2025 05:23:48.813 INFO [main] org.apache.catalina.startup.Catalina.start Server startup in [2566] milliseconds
18-Jul-2025 05:40:54.435 INFO [Thread-2] org.apache.coyote.AbstractProtocol.pause Pausing ProtocolHandler ["http-nio-8080"]
18-Jul-2025 05:40:54.457 INFO [Thread-2] org.apache.catalina.core.StandardService.stopInternal Stopping service [Catalina]
18-Jul-2025 05:40:54.476 INFO [Thread-2] org.apache.coyote.AbstractProtocol.stop Stopping ProtocolHandler ["http-nio-8080"]
18-Jul-2025 05:40:54.494 INFO [Thread-2] org.apache.coyote.AbstractProtocol.destroy Destroying ProtocolHandler ["http-nio-8080"]
18-Jul-2025 05:40:57.488 INFO [main] org.apache.catalina.startup.VersionLoggerListener.log Server version name:   Apache Tomcat/9.0.107
18-Jul-2025 05:40:57.496 INFO [main] org.apache.catalina.startup.VersionLoggerListener.log Server built:          Jul 2 2025 07:01:03 UTC
18-Jul-2025 05:40:57.497 INFO [main] org.apache.catalina.startup.VersionLoggerListener.log Server version number: 9.0.107.0
18-Jul-2025 05:40:57.497 INFO [main] org.apache.catalina.startup.VersionLoggerListener.log OS Name:               Linux
18-Jul-2025 05:40:57.498 INFO [main] org.apache.catalina.startup.VersionLoggerListener.log OS Version:            5.15.167.4-microsoft-standard-WSL2
18-Jul-2025 05:40:57.498 INFO [main] org.apache.catalina.startup.VersionLoggerListener.log Architecture:          amd64
18-Jul-2025 05:40:57.498 INFO [main] org.apache.catalina.startup.VersionLoggerListener.log Java Home:             /opt/java/openjdk/jre
18-Jul-2025 05:40:57.498 INFO [main] org.apache.catalina.startup.VersionLoggerListener.log JVM Version:           1.8.0_452-b09
18-Jul-2025 05:40:57.498 INFO [main] org.apache.catalina.startup.VersionLoggerListener.log JVM Vendor:            Temurin
18-Jul-2025 05:40:57.498 INFO [main] org.apache.catalina.startup.VersionLoggerListener.log CATALINA_BASE:         /usr/local/tomcat
18-Jul-2025 05:40:57.499 INFO [main] org.apache.catalina.startup.VersionLoggerListener.log CATALINA_HOME:         /usr/local/tomcat
18-Jul-2025 05:40:57.509 INFO [main] org.apache.catalina.startup.VersionLoggerListener.log Command line argument: -Djava.util.logging.config.file=/usr/local/tomcat/conf/logging.properties
18-Jul-2025 05:40:57.509 INFO [main] org.apache.catalina.startup.VersionLoggerListener.log Command line argument: -Djava.util.logging.manager=org.apache.juli.ClassLoaderLogManager
18-Jul-2025 05:40:57.510 INFO [main] org.apache.catalina.startup.VersionLoggerListener.log Command line argument: -Dcom.sun.jndi.rmi.object.trustURLCodebase=true
18-Jul-2025 05:40:57.510 INFO [main] org.apache.catalina.startup.VersionLoggerListener.log Command line argument: -Djdk.tls.ephemeralDHKeySize=2048
18-Jul-2025 05:40:57.510 INFO [main] org.apache.catalina.startup.VersionLoggerListener.log Command line argument: -Djava.protocol.handler.pkgs=org.apache.catalina.webresources
18-Jul-2025 05:40:57.510 INFO [main] org.apache.catalina.startup.VersionLoggerListener.log Command line argument: -Dsun.io.useCanonCaches=false
18-Jul-2025 05:40:57.510 INFO [main] org.apache.catalina.startup.VersionLoggerListener.log Command line argument: -Dorg.apache.catalina.security.SecurityListener.UMASK=0027
18-Jul-2025 05:40:57.510 INFO [main] org.apache.catalina.startup.VersionLoggerListener.log Command line argument: -Dignore.endorsed.dirs=
18-Jul-2025 05:40:57.511 INFO [main] org.apache.catalina.startup.VersionLoggerListener.log Command line argument: -Dcatalina.base=/usr/local/tomcat
18-Jul-2025 05:40:57.511 INFO [main] org.apache.catalina.startup.VersionLoggerListener.log Command line argument: -Dcatalina.home=/usr/local/tomcat
18-Jul-2025 05:40:57.511 INFO [main] org.apache.catalina.startup.VersionLoggerListener.log Command line argument: -Djava.io.tmpdir=/usr/local/tomcat/temp
18-Jul-2025 05:40:57.523 INFO [main] org.apache.catalina.core.AprLifecycleListener.lifecycleEvent Loaded Apache Tomcat Native library [1.3.1] using APR version [1.7.2].
18-Jul-2025 05:40:57.524 INFO [main] org.apache.catalina.core.AprLifecycleListener.lifecycleEvent APR capabilities: IPv6 [true], sendfile [true], accept filters [false], random [true], UDS [true].
18-Jul-2025 05:40:57.524 INFO [main] org.apache.catalina.core.AprLifecycleListener.lifecycleEvent APR/OpenSSL configuration: useAprConnector [false], useOpenSSL [true]
18-Jul-2025 05:40:57.533 INFO [main] org.apache.catalina.core.AprLifecycleListener.initializeSSL OpenSSL successfully initialized [OpenSSL 3.0.13 30 Jan 2024]
18-Jul-2025 05:40:58.132 INFO [main] org.apache.coyote.AbstractProtocol.init Initializing ProtocolHandler ["http-nio-8080"]
18-Jul-2025 05:40:58.186 INFO [main] org.apache.catalina.startup.Catalina.load Server initialization in [1169] milliseconds
18-Jul-2025 05:40:58.245 INFO [main] org.apache.catalina.core.StandardService.startInternal Starting service [Catalina]
18-Jul-2025 05:40:58.245 INFO [main] org.apache.catalina.core.StandardEngine.startInternal Starting Servlet engine: [Apache Tomcat/9.0.107]
18-Jul-2025 05:40:58.252 SEVERE [main] org.apache.catalina.startup.HostConfig.beforeStart Unable to create directory for deployment: [/usr/local/tomcat/conf/Catalina/localhost]
18-Jul-2025 05:40:58.268 INFO [main] org.apache.coyote.AbstractProtocol.start Starting ProtocolHandler ["http-nio-8080"]
18-Jul-2025 05:40:58.291 INFO [main] org.apache.catalina.startup.Catalina.start Server startup in [104] milliseconds
18-Jul-2025 05:44:30.026 INFO [Thread-2] org.apache.coyote.AbstractProtocol.pause Pausing ProtocolHandler ["http-nio-8080"]
18-Jul-2025 05:44:30.035 INFO [Thread-2] org.apache.catalina.core.StandardService.stopInternal Stopping service [Catalina]
18-Jul-2025 05:44:30.045 INFO [Thread-2] org.apache.coyote.AbstractProtocol.stop Stopping ProtocolHandler ["http-nio-8080"]
18-Jul-2025 05:44:30.052 INFO [Thread-2] org.apache.coyote.AbstractProtocol.destroy Destroying ProtocolHandler ["http-nio-8080"]
18-Jul-2025 05:44:31.468 INFO [main] org.apache.catalina.startup.VersionLoggerListener.log Server version name:   Apache Tomcat/9.0.107
18-Jul-2025 05:44:31.471 INFO [main] org.apache.catalina.startup.VersionLoggerListener.log Server built:          Jul 2 2025 07:01:03 UTC
18-Jul-2025 05:44:31.471 INFO [main] org.apache.catalina.startup.VersionLoggerListener.log Server version number: 9.0.107.0
18-Jul-2025 05:44:31.471 INFO [main] org.apache.catalina.startup.VersionLoggerListener.log OS Name:               Linux
18-Jul-2025 05:44:31.471 INFO [main] org.apache.catalina.startup.VersionLoggerListener.log OS Version:            5.15.167.4-microsoft-standard-WSL2
18-Jul-2025 05:44:31.471 INFO [main] org.apache.catalina.startup.VersionLoggerListener.log Architecture:          amd64
18-Jul-2025 05:44:31.471 INFO [main] org.apache.catalina.startup.VersionLoggerListener.log Java Home:             /opt/java/openjdk/jre
18-Jul-2025 05:44:31.471 INFO [main] org.apache.catalina.startup.VersionLoggerListener.log JVM Version:           1.8.0_452-b09
18-Jul-2025 05:44:31.471 INFO [main] org.apache.catalina.startup.VersionLoggerListener.log JVM Vendor:            Temurin
18-Jul-2025 05:44:31.472 INFO [main] org.apache.catalina.startup.VersionLoggerListener.log CATALINA_BASE:         /usr/local/tomcat
18-Jul-2025 05:44:31.472 INFO [main] org.apache.catalina.startup.VersionLoggerListener.log CATALINA_HOME:         /usr/local/tomcat
18-Jul-2025 05:44:31.475 INFO [main] org.apache.catalina.startup.VersionLoggerListener.log Command line argument: -Djava.util.logging.config.file=/usr/local/tomcat/conf/logging.properties
18-Jul-2025 05:44:31.475 INFO [main] org.apache.catalina.startup.VersionLoggerListener.log Command line argument: -Djava.util.logging.manager=org.apache.juli.ClassLoaderLogManager
18-Jul-2025 05:44:31.475 INFO [main] org.apache.catalina.startup.VersionLoggerListener.log Command line argument: -Dcom.sun.jndi.rmi.object.trustURLCodebase=true
18-Jul-2025 05:44:31.475 INFO [main] org.apache.catalina.startup.VersionLoggerListener.log Command line argument: -Djdk.tls.ephemeralDHKeySize=2048
18-Jul-2025 05:44:31.475 INFO [main] org.apache.catalina.startup.VersionLoggerListener.log Command line argument: -Djava.protocol.handler.pkgs=org.apache.catalina.webresources
18-Jul-2025 05:44:31.475 INFO [main] org.apache.catalina.startup.VersionLoggerListener.log Command line argument: -Dsun.io.useCanonCaches=false
18-Jul-2025 05:44:31.475 INFO [main] org.apache.catalina.startup.VersionLoggerListener.log Command line argument: -Dorg.apache.catalina.security.SecurityListener.UMASK=0027
18-Jul-2025 05:44:31.475 INFO [main] org.apache.catalina.startup.VersionLoggerListener.log Command line argument: -Dignore.endorsed.dirs=
18-Jul-2025 05:44:31.476 INFO [main] org.apache.catalina.startup.VersionLoggerListener.log Command line argument: -Dcatalina.base=/usr/local/tomcat
18-Jul-2025 05:44:31.476 INFO [main] org.apache.catalina.startup.VersionLoggerListener.log Command line argument: -Dcatalina.home=/usr/local/tomcat
18-Jul-2025 05:44:31.476 INFO [main] org.apache.catalina.startup.VersionLoggerListener.log Command line argument: -Djava.io.tmpdir=/usr/local/tomcat/temp
18-Jul-2025 05:44:31.481 INFO [main] org.apache.catalina.core.AprLifecycleListener.lifecycleEvent Loaded Apache Tomcat Native library [1.3.1] using APR version [1.7.2].
18-Jul-2025 05:44:31.481 INFO [main] org.apache.catalina.core.AprLifecycleListener.lifecycleEvent APR capabilities: IPv6 [true], sendfile [true], accept filters [false], random [true], UDS [true].
18-Jul-2025 05:44:31.481 INFO [main] org.apache.catalina.core.AprLifecycleListener.lifecycleEvent APR/OpenSSL configuration: useAprConnector [false], useOpenSSL [true]
18-Jul-2025 05:44:31.484 INFO [main] org.apache.catalina.core.AprLifecycleListener.initializeSSL OpenSSL successfully initialized [OpenSSL 3.0.13 30 Jan 2024]
18-Jul-2025 05:44:31.756 INFO [main] org.apache.coyote.AbstractProtocol.init Initializing ProtocolHandler ["http-nio-8080"]
18-Jul-2025 05:44:31.789 INFO [main] org.apache.catalina.startup.Catalina.load Server initialization in [474] milliseconds
18-Jul-2025 05:44:31.824 INFO [main] org.apache.catalina.core.StandardService.startInternal Starting service [Catalina]
18-Jul-2025 05:44:31.824 INFO [main] org.apache.catalina.core.StandardEngine.startInternal Starting Servlet engine: [Apache Tomcat/9.0.107]
18-Jul-2025 05:44:31.846 INFO [main] org.apache.catalina.startup.HostConfig.deployWAR Deploying web application archive [/usr/local/tomcat/webapps/ROOT.war]
18-Jul-2025 05:44:33.161 INFO [main] org.apache.jasper.servlet.TldScanner.scanJars At least one JAR was scanned for TLDs yet contained no TLDs. Enable debug logging for this logger for a complete list of JARs that were scanned but no TLDs were found in them. Skipping unneeded JARs during scanning can improve startup time and JSP compilation time.
18-Jul-2025 05:44:35.004 INFO [main] org.apache.catalina.startup.HostConfig.deployWAR Deployment of web application archive [/usr/local/tomcat/webapps/ROOT.war] has finished in [3,157] ms
18-Jul-2025 05:44:35.007 INFO [main] org.apache.coyote.AbstractProtocol.start Starting ProtocolHandler ["http-nio-8080"]
18-Jul-2025 05:44:35.020 INFO [main] org.apache.catalina.startup.Catalina.start Server startup in [3230] milliseconds
18-Jul-2025 05:47:38.029 INFO [Thread-3] org.apache.coyote.AbstractProtocol.pause Pausing ProtocolHandler ["http-nio-8080"]
18-Jul-2025 05:47:38.034 INFO [Thread-3] org.apache.catalina.core.StandardService.stopInternal Stopping service [Catalina]
18-Jul-2025 05:47:38.064 INFO [Thread-3] org.apache.coyote.AbstractProtocol.stop Stopping ProtocolHandler ["http-nio-8080"]
18-Jul-2025 05:47:38.069 INFO [Thread-3] org.apache.coyote.AbstractProtocol.destroy Destroying ProtocolHandler ["http-nio-8080"]
