19-Jul-2025 02:04:07.555 INFO [main] org.apache.catalina.core.ApplicationContext.log 2 Spring WebApplicationInitializers detected on classpath
19-Jul-2025 02:04:12.907 INFO [main] org.apache.catalina.core.ApplicationContext.log Initializing Spring embedded WebApplicationContext
19-Jul-2025 02:07:40.645 INFO [http-nio-8080-exec-1] org.apache.catalina.core.ApplicationContext.log Initializing Spring DispatcherServlet 'dispatcherServlet'
19-Jul-2025 02:34:49.994 INFO [Thread-3] org.apache.catalina.core.ApplicationContext.log Destroying Spring FrameworkServlet 'dispatcherServlet'
19-Jul-2025 02:34:50.002 INFO [Thread-3] org.apache.catalina.core.ApplicationContext.log Closing Spring root WebApplicationContext
19-Jul-2025 02:35:01.366 INFO [main] org.apache.catalina.core.ApplicationContext.log 2 Spring WebApplicationInitializers detected on classpath
19-Jul-2025 02:35:06.187 INFO [main] org.apache.catalina.core.ApplicationContext.log Initializing Spring embedded WebApplicationContext
19-Jul-2025 02:35:39.884 INFO [http-nio-8080-exec-1] org.apache.catalina.core.ApplicationContext.log Initializing Spring DispatcherServlet 'dispatcherServlet'
19-Jul-2025 03:02:35.661 INFO [Thread-3] org.apache.catalina.core.ApplicationContext.log Destroying Spring FrameworkServlet 'dispatcherServlet'
19-Jul-2025 03:02:35.685 INFO [Thread-3] org.apache.catalina.core.ApplicationContext.log Closing Spring root WebApplicationContext
19-Jul-2025 03:02:46.148 INFO [main] org.apache.catalina.core.ApplicationContext.log 2 Spring WebApplicationInitializers detected on classpath
19-Jul-2025 03:02:52.275 INFO [main] org.apache.catalina.core.ApplicationContext.log Initializing Spring embedded WebApplicationContext
19-Jul-2025 03:02:55.964 INFO [http-nio-8080-exec-1] org.apache.catalina.core.ApplicationContext.log Initializing Spring DispatcherServlet 'dispatcherServlet'
19-Jul-2025 03:32:33.793 INFO [Thread-3] org.apache.catalina.core.ApplicationContext.log Destroying Spring FrameworkServlet 'dispatcherServlet'
19-Jul-2025 03:32:33.801 INFO [Thread-3] org.apache.catalina.core.ApplicationContext.log Closing Spring root WebApplicationContext
19-Jul-2025 03:32:42.162 INFO [main] org.apache.catalina.core.ApplicationContext.log 2 Spring WebApplicationInitializers detected on classpath
19-Jul-2025 03:32:46.113 INFO [main] org.apache.catalina.core.ApplicationContext.log Initializing Spring embedded WebApplicationContext
19-Jul-2025 03:35:25.890 INFO [http-nio-8080-exec-1] org.apache.catalina.core.ApplicationContext.log Initializing Spring DispatcherServlet 'dispatcherServlet'
19-Jul-2025 04:21:57.452 INFO [Thread-3] org.apache.catalina.core.ApplicationContext.log Destroying Spring FrameworkServlet 'dispatcherServlet'
19-Jul-2025 04:21:57.463 INFO [Thread-3] org.apache.catalina.core.ApplicationContext.log Closing Spring root WebApplicationContext
19-Jul-2025 04:22:06.649 INFO [main] org.apache.catalina.core.ApplicationContext.log 2 Spring WebApplicationInitializers detected on classpath
19-Jul-2025 04:22:10.217 INFO [main] org.apache.catalina.core.ApplicationContext.log Initializing Spring embedded WebApplicationContext
19-Jul-2025 04:22:15.254 INFO [http-nio-8080-exec-1] org.apache.catalina.core.ApplicationContext.log Initializing Spring DispatcherServlet 'dispatcherServlet'
19-Jul-2025 04:33:11.623 INFO [Thread-3] org.apache.catalina.core.ApplicationContext.log Destroying Spring FrameworkServlet 'dispatcherServlet'
19-Jul-2025 04:33:11.633 INFO [Thread-3] org.apache.catalina.core.ApplicationContext.log Closing Spring root WebApplicationContext
19-Jul-2025 04:33:18.528 INFO [main] org.apache.catalina.core.ApplicationContext.log 2 Spring WebApplicationInitializers detected on classpath
19-Jul-2025 04:33:21.344 INFO [main] org.apache.catalina.core.ApplicationContext.log Initializing Spring embedded WebApplicationContext
19-Jul-2025 04:33:31.994 INFO [http-nio-8080-exec-1] org.apache.catalina.core.ApplicationContext.log Initializing Spring DispatcherServlet 'dispatcherServlet'
19-Jul-2025 05:12:25.433 INFO [Thread-3] org.apache.catalina.core.ApplicationContext.log Destroying Spring FrameworkServlet 'dispatcherServlet'
19-Jul-2025 05:12:25.448 INFO [Thread-3] org.apache.catalina.core.ApplicationContext.log Closing Spring root WebApplicationContext
19-Jul-2025 05:16:51.069 INFO [main] org.apache.catalina.core.ApplicationContext.log 2 Spring WebApplicationInitializers detected on classpath
19-Jul-2025 05:16:53.614 INFO [main] org.apache.catalina.core.ApplicationContext.log Initializing Spring embedded WebApplicationContext
19-Jul-2025 05:17:02.294 INFO [http-nio-8080-exec-1] org.apache.catalina.core.ApplicationContext.log Initializing Spring DispatcherServlet 'dispatcherServlet'
19-Jul-2025 05:22:58.518 INFO [Thread-3] org.apache.catalina.core.ApplicationContext.log Destroying Spring FrameworkServlet 'dispatcherServlet'
19-Jul-2025 05:22:58.539 INFO [Thread-3] org.apache.catalina.core.ApplicationContext.log Closing Spring root WebApplicationContext
19-Jul-2025 05:23:07.150 INFO [main] org.apache.catalina.core.ApplicationContext.log 2 Spring WebApplicationInitializers detected on classpath
19-Jul-2025 05:23:10.273 INFO [main] org.apache.catalina.core.ApplicationContext.log Initializing Spring embedded WebApplicationContext
19-Jul-2025 05:23:56.801 INFO [http-nio-8080-exec-1] org.apache.catalina.core.ApplicationContext.log Initializing Spring DispatcherServlet 'dispatcherServlet'
19-Jul-2025 06:14:30.399 INFO [Thread-3] org.apache.catalina.core.ApplicationContext.log Destroying Spring FrameworkServlet 'dispatcherServlet'
19-Jul-2025 06:14:30.448 INFO [Thread-3] org.apache.catalina.core.ApplicationContext.log Closing Spring root WebApplicationContext
19-Jul-2025 06:14:38.571 INFO [main] org.apache.catalina.core.ApplicationContext.log 2 Spring WebApplicationInitializers detected on classpath
19-Jul-2025 06:14:41.188 INFO [main] org.apache.catalina.core.ApplicationContext.log Initializing Spring embedded WebApplicationContext
19-Jul-2025 06:14:42.645 INFO [http-nio-8080-exec-1] org.apache.catalina.core.ApplicationContext.log Initializing Spring DispatcherServlet 'dispatcherServlet'
19-Jul-2025 06:39:33.287 INFO [Thread-3] org.apache.catalina.core.ApplicationContext.log Destroying Spring FrameworkServlet 'dispatcherServlet'
19-Jul-2025 06:39:33.334 INFO [Thread-3] org.apache.catalina.core.ApplicationContext.log Closing Spring root WebApplicationContext
19-Jul-2025 06:39:40.840 INFO [main] org.apache.catalina.core.ApplicationContext.log 2 Spring WebApplicationInitializers detected on classpath
19-Jul-2025 06:39:43.212 INFO [main] org.apache.catalina.core.ApplicationContext.log Initializing Spring embedded WebApplicationContext
19-Jul-2025 06:40:09.068 INFO [http-nio-8080-exec-1] org.apache.catalina.core.ApplicationContext.log Initializing Spring DispatcherServlet 'dispatcherServlet'
19-Jul-2025 06:55:23.541 INFO [Thread-3] org.apache.catalina.core.ApplicationContext.log Destroying Spring FrameworkServlet 'dispatcherServlet'
19-Jul-2025 06:55:23.563 INFO [Thread-3] org.apache.catalina.core.ApplicationContext.log Closing Spring root WebApplicationContext
19-Jul-2025 06:55:30.349 INFO [main] org.apache.catalina.core.ApplicationContext.log 2 Spring WebApplicationInitializers detected on classpath
19-Jul-2025 06:55:32.498 INFO [main] org.apache.catalina.core.ApplicationContext.log Initializing Spring embedded WebApplicationContext
19-Jul-2025 06:57:40.791 INFO [http-nio-8080-exec-1] org.apache.catalina.core.ApplicationContext.log Initializing Spring DispatcherServlet 'dispatcherServlet'
19-Jul-2025 07:25:27.668 INFO [Thread-3] org.apache.catalina.core.ApplicationContext.log Destroying Spring FrameworkServlet 'dispatcherServlet'
19-Jul-2025 07:25:27.679 INFO [Thread-3] org.apache.catalina.core.ApplicationContext.log Closing Spring root WebApplicationContext
19-Jul-2025 07:31:40.893 INFO [main] org.apache.catalina.core.ApplicationContext.log 2 Spring WebApplicationInitializers detected on classpath
19-Jul-2025 07:31:42.842 INFO [main] org.apache.catalina.core.ApplicationContext.log Initializing Spring embedded WebApplicationContext
19-Jul-2025 07:32:57.193 INFO [http-nio-8080-exec-1] org.apache.catalina.core.ApplicationContext.log Initializing Spring DispatcherServlet 'dispatcherServlet'
19-Jul-2025 08:01:04.407 INFO [Thread-3] org.apache.catalina.core.ApplicationContext.log Destroying Spring FrameworkServlet 'dispatcherServlet'
19-Jul-2025 08:01:04.456 INFO [Thread-3] org.apache.catalina.core.ApplicationContext.log Closing Spring root WebApplicationContext
19-Jul-2025 08:01:15.605 INFO [main] org.apache.catalina.core.ApplicationContext.log 2 Spring WebApplicationInitializers detected on classpath
19-Jul-2025 08:01:19.998 INFO [main] org.apache.catalina.core.ApplicationContext.log Initializing Spring embedded WebApplicationContext
19-Jul-2025 08:01:22.269 INFO [http-nio-8080-exec-1] org.apache.catalina.core.ApplicationContext.log Initializing Spring DispatcherServlet 'dispatcherServlet'
19-Jul-2025 08:12:56.295 INFO [main] org.apache.catalina.core.ApplicationContext.log 2 Spring WebApplicationInitializers detected on classpath
19-Jul-2025 08:12:58.989 INFO [main] org.apache.catalina.core.ApplicationContext.log Initializing Spring embedded WebApplicationContext
19-Jul-2025 08:13:13.791 INFO [http-nio-8080-exec-1] org.apache.catalina.core.ApplicationContext.log Initializing Spring DispatcherServlet 'dispatcherServlet'
19-Jul-2025 08:27:10.139 INFO [main] org.apache.catalina.core.ApplicationContext.log 2 Spring WebApplicationInitializers detected on classpath
19-Jul-2025 08:27:11.756 INFO [main] org.apache.catalina.core.ApplicationContext.log Initializing Spring embedded WebApplicationContext
19-Jul-2025 08:28:09.183 INFO [http-nio-8080-exec-1] org.apache.catalina.core.ApplicationContext.log Initializing Spring DispatcherServlet 'dispatcherServlet'
19-Jul-2025 08:31:13.135 SEVERE [http-nio-8080-exec-4] org.apache.catalina.core.ApplicationDispatcher.invoke Servlet.service() for servlet [dispatcherServlet] threw exception
	java.nio.file.NoSuchFileException: /usr/local/tomcat/webapps/ROOT/WEB-INF/lib/log4j-api-2.17.2.jar
		at java.base/sun.nio.fs.UnixException.translateToIOException(UnixException.java:92)
		at java.base/sun.nio.fs.UnixException.rethrowAsIOException(UnixException.java:106)
		at java.base/sun.nio.fs.UnixException.rethrowAsIOException(UnixException.java:111)
		at java.base/sun.nio.fs.UnixFileAttributeViews$Basic.readAttributes(UnixFileAttributeViews.java:55)
		at java.base/sun.nio.fs.UnixFileSystemProvider.readAttributes(UnixFileSystemProvider.java:149)
		at java.base/sun.nio.fs.LinuxFileSystemProvider.readAttributes(LinuxFileSystemProvider.java:99)
		at java.base/java.nio.file.Files.readAttributes(Files.java:1851)
		at java.base/java.util.zip.ZipFile$Source.get(ZipFile.java:1264)
		at java.base/java.util.zip.ZipFile$CleanableResource.<init>(ZipFile.java:709)
		at java.base/java.util.zip.ZipFile.<init>(ZipFile.java:243)
		at java.base/java.util.zip.ZipFile.<init>(ZipFile.java:172)
		at java.base/java.util.jar.JarFile.<init>(JarFile.java:347)
		at java.base/jdk.internal.reflect.GeneratedConstructorAccessor7.newInstance(Unknown Source)
		at java.base/jdk.internal.reflect.DelegatingConstructorAccessorImpl.newInstance(DelegatingConstructorAccessorImpl.java:45)
		at java.base/java.lang.reflect.Constructor.newInstanceWithCaller(Constructor.java:499)
		at java.base/java.lang.reflect.Constructor.newInstance(Constructor.java:480)
		at org.apache.tomcat.util.compat.Jre9Compat.jarFileNewInstance(Jre9Compat.java:206)
		at org.apache.tomcat.util.compat.JreCompat.jarFileNewInstance(JreCompat.java:226)
		at org.apache.catalina.webresources.AbstractArchiveResourceSet.openJarFile(AbstractArchiveResourceSet.java:314)
		at org.apache.catalina.webresources.AbstractSingleArchiveResourceSet.getArchiveEntry(AbstractSingleArchiveResourceSet.java:97)
		at org.apache.catalina.webresources.AbstractArchiveResourceSet.getResource(AbstractArchiveResourceSet.java:258)
		at org.apache.catalina.webresources.StandardRoot.getResourceInternal(StandardRoot.java:281)
		at org.apache.catalina.webresources.Cache.getResource(Cache.java:62)
		at org.apache.catalina.webresources.StandardRoot.getResource(StandardRoot.java:216)
		at org.apache.catalina.webresources.StandardRoot.getClassLoaderResource(StandardRoot.java:225)
		at org.apache.catalina.loader.WebappClassLoaderBase.findClassInternal(WebappClassLoaderBase.java:2359)
		at org.apache.catalina.loader.WebappClassLoaderBase.findClass(WebappClassLoaderBase.java:870)
		at org.apache.catalina.loader.WebappClassLoaderBase.loadClass(WebappClassLoaderBase.java:1371)
		at org.apache.catalina.loader.WebappClassLoaderBase.loadClass(WebappClassLoaderBase.java:1215)
		at org.springframework.boot.autoconfigure.web.servlet.error.ErrorMvcAutoConfiguration$StaticView.htmlEscape(ErrorMvcAutoConfiguration.java:232)
		at org.springframework.boot.autoconfigure.web.servlet.error.ErrorMvcAutoConfiguration$StaticView.render(ErrorMvcAutoConfiguration.java:219)
		at org.springframework.web.servlet.DispatcherServlet.render(DispatcherServlet.java:1401)
		at org.springframework.web.servlet.DispatcherServlet.processDispatchResult(DispatcherServlet.java:1145)
		at org.springframework.web.servlet.DispatcherServlet.doDispatch(DispatcherServlet.java:1084)
		at org.springframework.web.servlet.DispatcherServlet.doService(DispatcherServlet.java:963)
		at org.springframework.web.servlet.FrameworkServlet.processRequest(FrameworkServlet.java:1006)
		at org.springframework.web.servlet.FrameworkServlet.doGet(FrameworkServlet.java:898)
		at javax.servlet.http.HttpServlet.service(HttpServlet.java:655)
		at org.springframework.web.servlet.FrameworkServlet.service(FrameworkServlet.java:883)
		at javax.servlet.http.HttpServlet.service(HttpServlet.java:764)
		at org.apache.catalina.core.ApplicationFilterChain.internalDoFilter(ApplicationFilterChain.java:227)
		at org.apache.catalina.core.ApplicationFilterChain.doFilter(ApplicationFilterChain.java:162)
		at org.apache.tomcat.websocket.server.WsFilter.doFilter(WsFilter.java:53)
		at org.apache.catalina.core.ApplicationFilterChain.internalDoFilter(ApplicationFilterChain.java:189)
		at org.apache.catalina.core.ApplicationFilterChain.doFilter(ApplicationFilterChain.java:162)
		at org.springframework.web.filter.RequestContextFilter.doFilterInternal(RequestContextFilter.java:100)
		at org.springframework.web.filter.OncePerRequestFilter.doFilter(OncePerRequestFilter.java:117)
		at org.apache.catalina.core.ApplicationFilterChain.internalDoFilter(ApplicationFilterChain.java:189)
		at org.apache.catalina.core.ApplicationFilterChain.doFilter(ApplicationFilterChain.java:162)
		at org.springframework.web.filter.OncePerRequestFilter.doFilter(OncePerRequestFilter.java:102)
		at org.apache.catalina.core.ApplicationFilterChain.internalDoFilter(ApplicationFilterChain.java:189)
		at org.apache.catalina.core.ApplicationFilterChain.doFilter(ApplicationFilterChain.java:162)
		at org.springframework.web.filter.OncePerRequestFilter.doFilter(OncePerRequestFilter.java:102)
		at org.apache.catalina.core.ApplicationFilterChain.internalDoFilter(ApplicationFilterChain.java:189)
		at org.apache.catalina.core.ApplicationFilterChain.doFilter(ApplicationFilterChain.java:162)
		at org.apache.catalina.core.ApplicationDispatcher.invoke(ApplicationDispatcher.java:711)
		at org.apache.catalina.core.ApplicationDispatcher.processRequest(ApplicationDispatcher.java:459)
		at org.apache.catalina.core.ApplicationDispatcher.doForward(ApplicationDispatcher.java:385)
		at org.apache.catalina.core.ApplicationDispatcher.forward(ApplicationDispatcher.java:313)
		at org.springframework.boot.web.servlet.support.ErrorPageFilter.forwardToErrorPage(ErrorPageFilter.java:191)
		at org.springframework.boot.web.servlet.support.ErrorPageFilter.handleException(ErrorPageFilter.java:176)
		at org.springframework.boot.web.servlet.support.ErrorPageFilter.doFilter(ErrorPageFilter.java:143)
		at org.springframework.boot.web.servlet.support.ErrorPageFilter.access$000(ErrorPageFilter.java:64)
		at org.springframework.boot.web.servlet.support.ErrorPageFilter$1.doFilterInternal(ErrorPageFilter.java:101)
		at org.springframework.web.filter.OncePerRequestFilter.doFilter(OncePerRequestFilter.java:117)
		at org.springframework.boot.web.servlet.support.ErrorPageFilter.doFilter(ErrorPageFilter.java:119)
		at org.apache.catalina.core.ApplicationFilterChain.internalDoFilter(ApplicationFilterChain.java:189)
		at org.apache.catalina.core.ApplicationFilterChain.doFilter(ApplicationFilterChain.java:162)
		at org.springframework.web.filter.CharacterEncodingFilter.doFilterInternal(CharacterEncodingFilter.java:201)
		at org.springframework.web.filter.OncePerRequestFilter.doFilter(OncePerRequestFilter.java:117)
		at org.apache.catalina.core.ApplicationFilterChain.internalDoFilter(ApplicationFilterChain.java:189)
		at org.apache.catalina.core.ApplicationFilterChain.doFilter(ApplicationFilterChain.java:162)
		at org.apache.catalina.core.StandardWrapperValve.invoke(StandardWrapperValve.java:197)
		at org.apache.catalina.core.StandardContextValve.invoke(StandardContextValve.java:97)
		at org.apache.catalina.authenticator.AuthenticatorBase.invoke(AuthenticatorBase.java:540)
		at org.apache.catalina.core.StandardHostValve.invoke(StandardHostValve.java:135)
		at org.apache.catalina.valves.ErrorReportValve.invoke(ErrorReportValve.java:92)
		at org.apache.catalina.valves.AbstractAccessLogValve.invoke(AbstractAccessLogValve.java:687)
		at org.apache.catalina.core.StandardEngineValve.invoke(StandardEngineValve.java:78)
		at org.apache.catalina.connector.CoyoteAdapter.service(CoyoteAdapter.java:357)
		at org.apache.coyote.http11.Http11Processor.service(Http11Processor.java:382)
		at org.apache.coyote.AbstractProcessorLight.process(AbstractProcessorLight.java:65)
		at org.apache.coyote.AbstractProtocol$ConnectionHandler.process(AbstractProtocol.java:893)
		at org.apache.tomcat.util.net.NioEndpoint$SocketProcessor.doRun(NioEndpoint.java:1726)
		at org.apache.tomcat.util.net.SocketProcessorBase.run(SocketProcessorBase.java:49)
		at org.apache.tomcat.util.threads.ThreadPoolExecutor.runWorker(ThreadPoolExecutor.java:1191)
		at org.apache.tomcat.util.threads.ThreadPoolExecutor$Worker.run(ThreadPoolExecutor.java:659)
		at org.apache.tomcat.util.threads.TaskThread$WrappingRunnable.run(TaskThread.java:61)
		at java.base/java.lang.Thread.run(Thread.java:833)
19-Jul-2025 08:31:13.135 SEVERE [http-nio-8080-exec-4] org.apache.catalina.core.StandardWrapperValve.invoke Servlet.service() for servlet [dispatcherServlet] in context with path [] threw exception [Request processing failed; nested exception is java.lang.IllegalStateException: java.io.IOException: java.lang.reflect.InvocationTargetException] with root cause
	java.nio.file.NoSuchFileException: /usr/local/tomcat/webapps/ROOT/WEB-INF/lib/log4j-api-2.17.2.jar
		at java.base/sun.nio.fs.UnixException.translateToIOException(UnixException.java:92)
		at java.base/sun.nio.fs.UnixException.rethrowAsIOException(UnixException.java:106)
		at java.base/sun.nio.fs.UnixException.rethrowAsIOException(UnixException.java:111)
		at java.base/sun.nio.fs.UnixFileAttributeViews$Basic.readAttributes(UnixFileAttributeViews.java:55)
		at java.base/sun.nio.fs.UnixFileSystemProvider.readAttributes(UnixFileSystemProvider.java:149)
		at java.base/sun.nio.fs.LinuxFileSystemProvider.readAttributes(LinuxFileSystemProvider.java:99)
		at java.base/java.nio.file.Files.readAttributes(Files.java:1851)
		at java.base/java.util.zip.ZipFile$Source.get(ZipFile.java:1264)
		at java.base/java.util.zip.ZipFile$CleanableResource.<init>(ZipFile.java:709)
		at java.base/java.util.zip.ZipFile.<init>(ZipFile.java:243)
		at java.base/java.util.zip.ZipFile.<init>(ZipFile.java:172)
		at java.base/java.util.jar.JarFile.<init>(JarFile.java:347)
		at java.base/jdk.internal.reflect.GeneratedConstructorAccessor7.newInstance(Unknown Source)
		at java.base/jdk.internal.reflect.DelegatingConstructorAccessorImpl.newInstance(DelegatingConstructorAccessorImpl.java:45)
		at java.base/java.lang.reflect.Constructor.newInstanceWithCaller(Constructor.java:499)
		at java.base/java.lang.reflect.Constructor.newInstance(Constructor.java:480)
		at org.apache.tomcat.util.compat.Jre9Compat.jarFileNewInstance(Jre9Compat.java:206)
		at org.apache.tomcat.util.compat.JreCompat.jarFileNewInstance(JreCompat.java:226)
		at org.apache.catalina.webresources.AbstractArchiveResourceSet.openJarFile(AbstractArchiveResourceSet.java:314)
		at org.apache.catalina.webresources.AbstractSingleArchiveResourceSet.getArchiveEntry(AbstractSingleArchiveResourceSet.java:97)
		at org.apache.catalina.webresources.AbstractArchiveResourceSet.getResource(AbstractArchiveResourceSet.java:258)
		at org.apache.catalina.webresources.StandardRoot.getResourceInternal(StandardRoot.java:281)
		at org.apache.catalina.webresources.Cache.getResource(Cache.java:62)
		at org.apache.catalina.webresources.StandardRoot.getResource(StandardRoot.java:216)
		at org.apache.catalina.webresources.StandardRoot.getClassLoaderResource(StandardRoot.java:225)
		at org.apache.catalina.loader.WebappClassLoaderBase.findClassInternal(WebappClassLoaderBase.java:2359)
		at org.apache.catalina.loader.WebappClassLoaderBase.findClass(WebappClassLoaderBase.java:870)
		at org.apache.catalina.loader.WebappClassLoaderBase.loadClass(WebappClassLoaderBase.java:1371)
		at org.apache.catalina.loader.WebappClassLoaderBase.loadClass(WebappClassLoaderBase.java:1215)
		at org.springframework.boot.autoconfigure.web.servlet.error.ErrorMvcAutoConfiguration$StaticView.htmlEscape(ErrorMvcAutoConfiguration.java:232)
		at org.springframework.boot.autoconfigure.web.servlet.error.ErrorMvcAutoConfiguration$StaticView.render(ErrorMvcAutoConfiguration.java:219)
		at org.springframework.web.servlet.DispatcherServlet.render(DispatcherServlet.java:1401)
		at org.springframework.web.servlet.DispatcherServlet.processDispatchResult(DispatcherServlet.java:1145)
		at org.springframework.web.servlet.DispatcherServlet.doDispatch(DispatcherServlet.java:1084)
		at org.springframework.web.servlet.DispatcherServlet.doService(DispatcherServlet.java:963)
		at org.springframework.web.servlet.FrameworkServlet.processRequest(FrameworkServlet.java:1006)
		at org.springframework.web.servlet.FrameworkServlet.doGet(FrameworkServlet.java:898)
		at javax.servlet.http.HttpServlet.service(HttpServlet.java:655)
		at org.springframework.web.servlet.FrameworkServlet.service(FrameworkServlet.java:883)
		at javax.servlet.http.HttpServlet.service(HttpServlet.java:764)
		at org.apache.catalina.core.ApplicationFilterChain.internalDoFilter(ApplicationFilterChain.java:227)
		at org.apache.catalina.core.ApplicationFilterChain.doFilter(ApplicationFilterChain.java:162)
		at org.apache.tomcat.websocket.server.WsFilter.doFilter(WsFilter.java:53)
		at org.apache.catalina.core.ApplicationFilterChain.internalDoFilter(ApplicationFilterChain.java:189)
		at org.apache.catalina.core.ApplicationFilterChain.doFilter(ApplicationFilterChain.java:162)
		at org.springframework.web.filter.RequestContextFilter.doFilterInternal(RequestContextFilter.java:100)
		at org.springframework.web.filter.OncePerRequestFilter.doFilter(OncePerRequestFilter.java:117)
		at org.apache.catalina.core.ApplicationFilterChain.internalDoFilter(ApplicationFilterChain.java:189)
		at org.apache.catalina.core.ApplicationFilterChain.doFilter(ApplicationFilterChain.java:162)
		at org.springframework.web.filter.OncePerRequestFilter.doFilter(OncePerRequestFilter.java:102)
		at org.apache.catalina.core.ApplicationFilterChain.internalDoFilter(ApplicationFilterChain.java:189)
		at org.apache.catalina.core.ApplicationFilterChain.doFilter(ApplicationFilterChain.java:162)
		at org.springframework.web.filter.OncePerRequestFilter.doFilter(OncePerRequestFilter.java:102)
		at org.apache.catalina.core.ApplicationFilterChain.internalDoFilter(ApplicationFilterChain.java:189)
		at org.apache.catalina.core.ApplicationFilterChain.doFilter(ApplicationFilterChain.java:162)
		at org.apache.catalina.core.ApplicationDispatcher.invoke(ApplicationDispatcher.java:711)
		at org.apache.catalina.core.ApplicationDispatcher.processRequest(ApplicationDispatcher.java:459)
		at org.apache.catalina.core.ApplicationDispatcher.doForward(ApplicationDispatcher.java:385)
		at org.apache.catalina.core.ApplicationDispatcher.forward(ApplicationDispatcher.java:313)
		at org.springframework.boot.web.servlet.support.ErrorPageFilter.forwardToErrorPage(ErrorPageFilter.java:191)
		at org.springframework.boot.web.servlet.support.ErrorPageFilter.handleException(ErrorPageFilter.java:176)
		at org.springframework.boot.web.servlet.support.ErrorPageFilter.doFilter(ErrorPageFilter.java:143)
		at org.springframework.boot.web.servlet.support.ErrorPageFilter.access$000(ErrorPageFilter.java:64)
		at org.springframework.boot.web.servlet.support.ErrorPageFilter$1.doFilterInternal(ErrorPageFilter.java:101)
		at org.springframework.web.filter.OncePerRequestFilter.doFilter(OncePerRequestFilter.java:117)
		at org.springframework.boot.web.servlet.support.ErrorPageFilter.doFilter(ErrorPageFilter.java:119)
		at org.apache.catalina.core.ApplicationFilterChain.internalDoFilter(ApplicationFilterChain.java:189)
		at org.apache.catalina.core.ApplicationFilterChain.doFilter(ApplicationFilterChain.java:162)
		at org.springframework.web.filter.CharacterEncodingFilter.doFilterInternal(CharacterEncodingFilter.java:201)
		at org.springframework.web.filter.OncePerRequestFilter.doFilter(OncePerRequestFilter.java:117)
		at org.apache.catalina.core.ApplicationFilterChain.internalDoFilter(ApplicationFilterChain.java:189)
		at org.apache.catalina.core.ApplicationFilterChain.doFilter(ApplicationFilterChain.java:162)
		at org.apache.catalina.core.StandardWrapperValve.invoke(StandardWrapperValve.java:197)
		at org.apache.catalina.core.StandardContextValve.invoke(StandardContextValve.java:97)
		at org.apache.catalina.authenticator.AuthenticatorBase.invoke(AuthenticatorBase.java:540)
		at org.apache.catalina.core.StandardHostValve.invoke(StandardHostValve.java:135)
		at org.apache.catalina.valves.ErrorReportValve.invoke(ErrorReportValve.java:92)
		at org.apache.catalina.valves.AbstractAccessLogValve.invoke(AbstractAccessLogValve.java:687)
		at org.apache.catalina.core.StandardEngineValve.invoke(StandardEngineValve.java:78)
		at org.apache.catalina.connector.CoyoteAdapter.service(CoyoteAdapter.java:357)
		at org.apache.coyote.http11.Http11Processor.service(Http11Processor.java:382)
		at org.apache.coyote.AbstractProcessorLight.process(AbstractProcessorLight.java:65)
		at org.apache.coyote.AbstractProtocol$ConnectionHandler.process(AbstractProtocol.java:893)
		at org.apache.tomcat.util.net.NioEndpoint$SocketProcessor.doRun(NioEndpoint.java:1726)
		at org.apache.tomcat.util.net.SocketProcessorBase.run(SocketProcessorBase.java:49)
		at org.apache.tomcat.util.threads.ThreadPoolExecutor.runWorker(ThreadPoolExecutor.java:1191)
		at org.apache.tomcat.util.threads.ThreadPoolExecutor$Worker.run(ThreadPoolExecutor.java:659)
		at org.apache.tomcat.util.threads.TaskThread$WrappingRunnable.run(TaskThread.java:61)
		at java.base/java.lang.Thread.run(Thread.java:833)
19-Jul-2025 08:48:02.878 INFO [main] org.apache.catalina.core.ApplicationContext.log 2 Spring WebApplicationInitializers detected on classpath
19-Jul-2025 08:48:06.220 INFO [main] org.apache.catalina.core.ApplicationContext.log Initializing Spring embedded WebApplicationContext
19-Jul-2025 08:48:13.528 INFO [http-nio-8080-exec-1] org.apache.catalina.core.ApplicationContext.log Initializing Spring DispatcherServlet 'dispatcherServlet'
